{"/home/rey/proj/js/js_ramverk/server/src/__tests__/setup.ts": {"path":"/home/rey/proj/js/js_ramverk/server/src/__tests__/setup.ts","statementMap":{"0":{"start":{"line":1,"column":0},"end":{"line":1,"column":58}},"1":{"start":{"line":2,"column":0},"end":{"line":2,"column":32}},"2":{"start":{"line":6,"column":23},"end":{"line":11,"column":2}},"3":{"start":{"line":6,"column":34},"end":{"line":11,"column":2}},"4":{"start":{"line":7,"column":4},"end":{"line":7,"column":51}},"5":{"start":{"line":8,"column":16},"end":{"line":8,"column":36}},"6":{"start":{"line":10,"column":4},"end":{"line":10,"column":32}},"7":{"start":{"line":6,"column":13},"end":{"line":6,"column":23}},"8":{"start":{"line":13,"column":29},"end":{"line":20,"column":2}},"9":{"start":{"line":13,"column":40},"end":{"line":20,"column":2}},"10":{"start":{"line":14,"column":24},"end":{"line":14,"column":55}},"11":{"start":{"line":16,"column":4},"end":{"line":19,"column":5}},"12":{"start":{"line":17,"column":27},"end":{"line":17,"column":43}},"13":{"start":{"line":18,"column":8},"end":{"line":18,"column":40}},"14":{"start":{"line":13,"column":13},"end":{"line":13,"column":29}},"15":{"start":{"line":22,"column":29},"end":{"line":26,"column":2}},"16":{"start":{"line":22,"column":40},"end":{"line":26,"column":2}},"17":{"start":{"line":23,"column":4},"end":{"line":23,"column":45}},"18":{"start":{"line":24,"column":4},"end":{"line":24,"column":38}},"19":{"start":{"line":25,"column":4},"end":{"line":25,"column":29}},"20":{"start":{"line":22,"column":13},"end":{"line":22,"column":29}}},"fnMap":{"0":{"name":"(anonymous_8)","decl":{"start":{"line":6,"column":23},"end":{"line":6,"column":32}},"loc":{"start":{"line":6,"column":34},"end":{"line":11,"column":2}}},"1":{"name":"(anonymous_9)","decl":{"start":{"line":6,"column":34},"end":{"line":6,"column":null}},"loc":{"start":{"line":6,"column":34},"end":{"line":11,"column":1}}},"2":{"name":"(anonymous_10)","decl":{"start":{"line":13,"column":29},"end":{"line":13,"column":38}},"loc":{"start":{"line":13,"column":40},"end":{"line":20,"column":2}}},"3":{"name":"(anonymous_11)","decl":{"start":{"line":13,"column":40},"end":{"line":13,"column":null}},"loc":{"start":{"line":13,"column":40},"end":{"line":20,"column":1}}},"4":{"name":"(anonymous_12)","decl":{"start":{"line":22,"column":29},"end":{"line":22,"column":38}},"loc":{"start":{"line":22,"column":40},"end":{"line":26,"column":2}}},"5":{"name":"(anonymous_13)","decl":{"start":{"line":22,"column":40},"end":{"line":22,"column":null}},"loc":{"start":{"line":22,"column":40},"end":{"line":26,"column":1}}}},"branchMap":{},"s":{"0":1,"1":1,"2":1,"3":1,"4":1,"5":0,"6":0,"7":1,"8":1,"9":5,"10":5,"11":5,"12":5,"13":5,"14":1,"15":1,"16":1,"17":1,"18":0,"19":0,"20":1},"f":{"0":1,"1":1,"2":5,"3":5,"4":1,"5":1},"b":{}}
,"/home/rey/proj/js/js_ramverk/server/src/controllers/docController.ts": {"path":"/home/rey/proj/js/js_ramverk/server/src/controllers/docController.ts","statementMap":{"0":{"start":{"line":2,"column":0},"end":{"line":2,"column":47}},"1":{"start":{"line":3,"column":0},"end":{"line":3,"column":32}},"2":{"start":{"line":6,"column":22},"end":{"line":26,"column":null}},"3":{"start":{"line":6,"column":60},"end":{"line":26,"column":null}},"4":{"start":{"line":7,"column":4},"end":{"line":25,"column":5}},"5":{"start":{"line":8,"column":23},"end":{"line":8,"column":40}},"6":{"start":{"line":9,"column":8},"end":{"line":9,"column":null}},"7":{"start":{"line":11,"column":8},"end":{"line":13,"column":9}},"8":{"start":{"line":12,"column":12},"end":{"line":12,"column":null}},"9":{"start":{"line":15,"column":20},"end":{"line":15,"column":57}},"10":{"start":{"line":17,"column":8},"end":{"line":19,"column":9}},"11":{"start":{"line":18,"column":12},"end":{"line":18,"column":null}},"12":{"start":{"line":21,"column":8},"end":{"line":21,"column":null}},"13":{"start":{"line":23,"column":8},"end":{"line":23,"column":null}},"14":{"start":{"line":24,"column":8},"end":{"line":24,"column":null}},"15":{"start":{"line":6,"column":13},"end":{"line":6,"column":22}},"16":{"start":{"line":29,"column":22},"end":{"line":50,"column":null}},"17":{"start":{"line":29,"column":60},"end":{"line":50,"column":null}},"18":{"start":{"line":30,"column":18},"end":{"line":30,"column":31}},"19":{"start":{"line":31,"column":4},"end":{"line":31,"column":null}},"20":{"start":{"line":33,"column":4},"end":{"line":49,"column":5}},"21":{"start":{"line":34,"column":20},"end":{"line":34,"column":56}},"22":{"start":{"line":36,"column":8},"end":{"line":38,"column":9}},"23":{"start":{"line":37,"column":12},"end":{"line":37,"column":null}},"24":{"start":{"line":40,"column":8},"end":{"line":43,"column":9}},"25":{"start":{"line":41,"column":12},"end":{"line":41,"column":null}},"26":{"start":{"line":42,"column":12},"end":{"line":42,"column":null}},"27":{"start":{"line":45,"column":8},"end":{"line":45,"column":null}},"28":{"start":{"line":47,"column":8},"end":{"line":47,"column":null}},"29":{"start":{"line":48,"column":8},"end":{"line":48,"column":null}},"30":{"start":{"line":29,"column":13},"end":{"line":29,"column":22}},"31":{"start":{"line":54,"column":22},"end":{"line":81,"column":null}},"32":{"start":{"line":54,"column":60},"end":{"line":81,"column":null}},"33":{"start":{"line":55,"column":4},"end":{"line":80,"column":5}},"34":{"start":{"line":56,"column":45},"end":{"line":56,"column":53}},"35":{"start":{"line":58,"column":8},"end":{"line":60,"column":9}},"36":{"start":{"line":59,"column":12},"end":{"line":59,"column":null}},"37":{"start":{"line":62,"column":26},"end":{"line":66,"column":10}},"38":{"start":{"line":68,"column":8},"end":{"line":68,"column":null}},"39":{"start":{"line":70,"column":28},"end":{"line":70,"column":122}},"40":{"start":{"line":72,"column":8},"end":{"line":74,"column":9}},"41":{"start":{"line":73,"column":12},"end":{"line":73,"column":null}},"42":{"start":{"line":76,"column":8},"end":{"line":76,"column":null}},"43":{"start":{"line":78,"column":8},"end":{"line":78,"column":null}},"44":{"start":{"line":79,"column":8},"end":{"line":79,"column":null}},"45":{"start":{"line":54,"column":13},"end":{"line":54,"column":22}},"46":{"start":{"line":83,"column":23},"end":{"line":106,"column":null}},"47":{"start":{"line":83,"column":61},"end":{"line":106,"column":null}},"48":{"start":{"line":84,"column":18},"end":{"line":84,"column":31}},"49":{"start":{"line":86,"column":4},"end":{"line":86,"column":null}},"50":{"start":{"line":88,"column":4},"end":{"line":105,"column":5}},"51":{"start":{"line":89,"column":35},"end":{"line":89,"column":43}},"52":{"start":{"line":90,"column":20},"end":{"line":90,"column":48}},"53":{"start":{"line":92,"column":8},"end":{"line":94,"column":9}},"54":{"start":{"line":93,"column":12},"end":{"line":93,"column":null}},"55":{"start":{"line":96,"column":8},"end":{"line":96,"column":null}},"56":{"start":{"line":97,"column":8},"end":{"line":97,"column":null}},"57":{"start":{"line":98,"column":8},"end":{"line":98,"column":null}},"58":{"start":{"line":100,"column":22},"end":{"line":100,"column":38}},"59":{"start":{"line":101,"column":8},"end":{"line":101,"column":null}},"60":{"start":{"line":103,"column":8},"end":{"line":103,"column":null}},"61":{"start":{"line":104,"column":8},"end":{"line":104,"column":null}},"62":{"start":{"line":83,"column":13},"end":{"line":83,"column":23}},"63":{"start":{"line":108,"column":23},"end":{"line":131,"column":null}},"64":{"start":{"line":108,"column":61},"end":{"line":131,"column":null}},"65":{"start":{"line":109,"column":18},"end":{"line":109,"column":31}},"66":{"start":{"line":111,"column":4},"end":{"line":130,"column":5}},"67":{"start":{"line":112,"column":20},"end":{"line":112,"column":48}},"68":{"start":{"line":114,"column":8},"end":{"line":116,"column":9}},"69":{"start":{"line":115,"column":12},"end":{"line":115,"column":null}},"70":{"start":{"line":118,"column":8},"end":{"line":118,"column":null}},"71":{"start":{"line":121,"column":8},"end":{"line":124,"column":null}},"72":{"start":{"line":126,"column":8},"end":{"line":126,"column":null}},"73":{"start":{"line":128,"column":8},"end":{"line":128,"column":null}},"74":{"start":{"line":129,"column":8},"end":{"line":129,"column":null}},"75":{"start":{"line":108,"column":13},"end":{"line":108,"column":23}},"76":{"start":{"line":133,"column":20},"end":{"line":158,"column":null}},"77":{"start":{"line":133,"column":58},"end":{"line":158,"column":null}},"78":{"start":{"line":134,"column":4},"end":{"line":157,"column":5}},"79":{"start":{"line":135,"column":38},"end":{"line":135,"column":46}},"80":{"start":{"line":136,"column":20},"end":{"line":136,"column":48}},"81":{"start":{"line":137,"column":25},"end":{"line":137,"column":56}},"82":{"start":{"line":139,"column":8},"end":{"line":141,"column":9}},"83":{"start":{"line":140,"column":12},"end":{"line":140,"column":null}},"84":{"start":{"line":143,"column":8},"end":{"line":145,"column":9}},"85":{"start":{"line":144,"column":12},"end":{"line":144,"column":null}},"86":{"start":{"line":147,"column":8},"end":{"line":147,"column":null}},"87":{"start":{"line":148,"column":8},"end":{"line":148,"column":null}},"88":{"start":{"line":150,"column":8},"end":{"line":150,"column":null}},"89":{"start":{"line":151,"column":8},"end":{"line":151,"column":null}},"90":{"start":{"line":153,"column":8},"end":{"line":153,"column":null}},"91":{"start":{"line":155,"column":8},"end":{"line":155,"column":null}},"92":{"start":{"line":156,"column":8},"end":{"line":156,"column":null}}},"fnMap":{"0":{"name":"(anonymous_8)","decl":{"start":{"line":6,"column":22},"end":{"line":6,"column":29}},"loc":{"start":{"line":6,"column":60},"end":{"line":26,"column":null}}},"1":{"name":"(anonymous_9)","decl":{"start":{"line":6,"column":60},"end":{"line":6,"column":null}},"loc":{"start":{"line":6,"column":60},"end":{"line":26,"column":1}}},"2":{"name":"(anonymous_10)","decl":{"start":{"line":29,"column":22},"end":{"line":29,"column":29}},"loc":{"start":{"line":29,"column":60},"end":{"line":50,"column":null}}},"3":{"name":"(anonymous_11)","decl":{"start":{"line":29,"column":60},"end":{"line":29,"column":null}},"loc":{"start":{"line":29,"column":60},"end":{"line":50,"column":1}}},"4":{"name":"(anonymous_12)","decl":{"start":{"line":54,"column":22},"end":{"line":54,"column":29}},"loc":{"start":{"line":54,"column":60},"end":{"line":81,"column":null}}},"5":{"name":"(anonymous_13)","decl":{"start":{"line":54,"column":60},"end":{"line":54,"column":null}},"loc":{"start":{"line":54,"column":60},"end":{"line":81,"column":1}}},"6":{"name":"(anonymous_14)","decl":{"start":{"line":83,"column":23},"end":{"line":83,"column":30}},"loc":{"start":{"line":83,"column":61},"end":{"line":106,"column":null}}},"7":{"name":"(anonymous_15)","decl":{"start":{"line":83,"column":61},"end":{"line":83,"column":null}},"loc":{"start":{"line":83,"column":61},"end":{"line":106,"column":1}}},"8":{"name":"(anonymous_16)","decl":{"start":{"line":108,"column":23},"end":{"line":108,"column":30}},"loc":{"start":{"line":108,"column":61},"end":{"line":131,"column":null}}},"9":{"name":"(anonymous_17)","decl":{"start":{"line":108,"column":61},"end":{"line":108,"column":null}},"loc":{"start":{"line":108,"column":61},"end":{"line":131,"column":1}}},"10":{"name":"(anonymous_18)","decl":{"start":{"line":133,"column":20},"end":{"line":133,"column":27}},"loc":{"start":{"line":133,"column":58},"end":{"line":158,"column":null}}},"11":{"name":"(anonymous_19)","decl":{"start":{"line":133,"column":58},"end":{"line":133,"column":null}},"loc":{"start":{"line":133,"column":58},"end":{"line":158,"column":1}}}},"branchMap":{"0":{"loc":{"start":{"line":11,"column":8},"end":{"line":13,"column":9}},"type":"if","locations":[{"start":{"line":11,"column":8},"end":{"line":13,"column":9}}]},"1":{"loc":{"start":{"line":17,"column":8},"end":{"line":19,"column":9}},"type":"if","locations":[{"start":{"line":17,"column":8},"end":{"line":19,"column":9}}]},"2":{"loc":{"start":{"line":36,"column":8},"end":{"line":38,"column":9}},"type":"if","locations":[{"start":{"line":36,"column":8},"end":{"line":38,"column":9}}]},"3":{"loc":{"start":{"line":40,"column":8},"end":{"line":43,"column":9}},"type":"if","locations":[{"start":{"line":40,"column":8},"end":{"line":43,"column":9}}]},"4":{"loc":{"start":{"line":58,"column":8},"end":{"line":60,"column":9}},"type":"if","locations":[{"start":{"line":58,"column":8},"end":{"line":60,"column":9}}]},"5":{"loc":{"start":{"line":58,"column":12},"end":{"line":58,"column":43}},"type":"binary-expr","locations":[{"start":{"line":58,"column":12},"end":{"line":58,"column":18}},{"start":{"line":58,"column":22},"end":{"line":58,"column":30}},{"start":{"line":58,"column":34},"end":{"line":58,"column":43}}]},"6":{"loc":{"start":{"line":72,"column":8},"end":{"line":74,"column":9}},"type":"if","locations":[{"start":{"line":72,"column":8},"end":{"line":74,"column":9}}]},"7":{"loc":{"start":{"line":92,"column":8},"end":{"line":94,"column":9}},"type":"if","locations":[{"start":{"line":92,"column":8},"end":{"line":94,"column":9}}]},"8":{"loc":{"start":{"line":114,"column":8},"end":{"line":116,"column":9}},"type":"if","locations":[{"start":{"line":114,"column":8},"end":{"line":116,"column":9}}]},"9":{"loc":{"start":{"line":139,"column":8},"end":{"line":141,"column":9}},"type":"if","locations":[{"start":{"line":139,"column":8},"end":{"line":141,"column":9}}]},"10":{"loc":{"start":{"line":139,"column":12},"end":{"line":139,"column":29}},"type":"binary-expr","locations":[{"start":{"line":139,"column":12},"end":{"line":139,"column":16}},{"start":{"line":139,"column":20},"end":{"line":139,"column":29}}]},"11":{"loc":{"start":{"line":143,"column":8},"end":{"line":145,"column":9}},"type":"if","locations":[{"start":{"line":143,"column":8},"end":{"line":145,"column":9}}]}},"s":{"0":1,"1":1,"2":1,"3":0,"4":0,"5":0,"6":0,"7":0,"8":0,"9":0,"10":0,"11":0,"12":0,"13":0,"14":0,"15":1,"16":1,"17":0,"18":0,"19":0,"20":0,"21":0,"22":0,"23":0,"24":0,"25":0,"26":0,"27":0,"28":0,"29":0,"30":1,"31":1,"32":0,"33":0,"34":0,"35":0,"36":0,"37":0,"38":0,"39":0,"40":0,"41":0,"42":0,"43":0,"44":0,"45":1,"46":1,"47":0,"48":0,"49":0,"50":0,"51":0,"52":0,"53":0,"54":0,"55":0,"56":0,"57":0,"58":0,"59":0,"60":0,"61":0,"62":1,"63":1,"64":0,"65":0,"66":0,"67":0,"68":0,"69":0,"70":0,"71":0,"72":0,"73":0,"74":0,"75":1,"76":1,"77":0,"78":0,"79":0,"80":0,"81":0,"82":0,"83":0,"84":0,"85":0,"86":0,"87":0,"88":0,"89":0,"90":0,"91":0,"92":0},"f":{"0":0,"1":0,"2":0,"3":0,"4":0,"5":0,"6":0,"7":0,"8":0,"9":0,"10":0,"11":0},"b":{"0":[0],"1":[0],"2":[0],"3":[0],"4":[0],"5":[0,0,0],"6":[0],"7":[0],"8":[0],"9":[0],"10":[0,0],"11":[0]}}
,"/home/rey/proj/js/js_ramverk/server/src/models/Doc.ts": {"path":"/home/rey/proj/js/js_ramverk/server/src/models/Doc.ts","statementMap":{"0":{"start":{"line":1,"column":0},"end":{"line":1,"column":53}},"1":{"start":{"line":13,"column":29},"end":{"line":34,"column":24}},"2":{"start":{"line":36,"column":0},"end":{"line":36,"column":null}}},"fnMap":{},"branchMap":{},"s":{"0":1,"1":1,"2":1},"f":{},"b":{}}
,"/home/rey/proj/js/js_ramverk/server/src/models/Usr.ts": {"path":"/home/rey/proj/js/js_ramverk/server/src/models/Usr.ts","statementMap":{"0":{"start":{"line":1,"column":0},"end":{"line":1,"column":53}},"1":{"start":{"line":10,"column":27},"end":{"line":28,"column":2}},"2":{"start":{"line":30,"column":0},"end":{"line":30,"column":null}}},"fnMap":{},"branchMap":{},"s":{"0":1,"1":1,"2":1},"f":{},"b":{}}
}
