{"/home/rey/proj/bth/js_ramverk/server/src/__tests__/setup.ts": {"path":"/home/rey/proj/bth/js_ramverk/server/src/__tests__/setup.ts","statementMap":{"0":{"start":{"line":1,"column":0},"end":{"line":1,"column":58}},"1":{"start":{"line":2,"column":0},"end":{"line":2,"column":32}},"2":{"start":{"line":6,"column":23},"end":{"line":11,"column":1}},"3":{"start":{"line":7,"column":4},"end":{"line":7,"column":51}},"4":{"start":{"line":8,"column":16},"end":{"line":8,"column":36}},"5":{"start":{"line":10,"column":4},"end":{"line":10,"column":32}},"6":{"start":{"line":6,"column":13},"end":{"line":6,"column":23}},"7":{"start":{"line":13,"column":29},"end":{"line":20,"column":1}},"8":{"start":{"line":14,"column":24},"end":{"line":14,"column":55}},"9":{"start":{"line":16,"column":4},"end":{"line":19,"column":5}},"10":{"start":{"line":17,"column":27},"end":{"line":17,"column":43}},"11":{"start":{"line":18,"column":8},"end":{"line":18,"column":40}},"12":{"start":{"line":13,"column":13},"end":{"line":13,"column":29}},"13":{"start":{"line":22,"column":29},"end":{"line":26,"column":1}},"14":{"start":{"line":23,"column":4},"end":{"line":23,"column":45}},"15":{"start":{"line":24,"column":4},"end":{"line":24,"column":38}},"16":{"start":{"line":25,"column":4},"end":{"line":25,"column":29}},"17":{"start":{"line":22,"column":13},"end":{"line":22,"column":29}}},"fnMap":{"0":{"name":"(anonymous_1)","decl":{"start":{"line":6,"column":23},"end":{"line":6,"column":28}},"loc":{"start":{"line":6,"column":34},"end":{"line":11,"column":1}}},"1":{"name":"(anonymous_2)","decl":{"start":{"line":13,"column":29},"end":{"line":13,"column":34}},"loc":{"start":{"line":13,"column":40},"end":{"line":20,"column":1}}},"2":{"name":"(anonymous_3)","decl":{"start":{"line":22,"column":29},"end":{"line":22,"column":34}},"loc":{"start":{"line":22,"column":40},"end":{"line":26,"column":1}}}},"branchMap":{},"s":{"0":1,"1":1,"2":1,"3":1,"4":1,"5":1,"6":1,"7":1,"8":4,"9":4,"10":8,"11":8,"12":1,"13":1,"14":1,"15":1,"16":1,"17":1},"f":{"0":1,"1":4,"2":1},"b":{}}
,"/home/rey/proj/bth/js_ramverk/server/src/controllers/docController.ts": {"path":"/home/rey/proj/bth/js_ramverk/server/src/controllers/docController.ts","statementMap":{"0":{"start":{"line":2,"column":0},"end":{"line":2,"column":50}},"1":{"start":{"line":3,"column":0},"end":{"line":3,"column":35}},"2":{"start":{"line":6,"column":22},"end":{"line":26,"column":1}},"3":{"start":{"line":7,"column":1},"end":{"line":25,"column":2}},"4":{"start":{"line":8,"column":17},"end":{"line":8,"column":34}},"5":{"start":{"line":9,"column":2},"end":{"line":9,"column":null}},"6":{"start":{"line":11,"column":2},"end":{"line":13,"column":3}},"7":{"start":{"line":12,"column":3},"end":{"line":12,"column":null}},"8":{"start":{"line":15,"column":14},"end":{"line":15,"column":51}},"9":{"start":{"line":17,"column":2},"end":{"line":19,"column":3}},"10":{"start":{"line":18,"column":3},"end":{"line":18,"column":null}},"11":{"start":{"line":21,"column":2},"end":{"line":21,"column":null}},"12":{"start":{"line":23,"column":2},"end":{"line":23,"column":null}},"13":{"start":{"line":24,"column":2},"end":{"line":24,"column":null}},"14":{"start":{"line":6,"column":13},"end":{"line":6,"column":22}},"15":{"start":{"line":29,"column":22},"end":{"line":50,"column":1}},"16":{"start":{"line":30,"column":15},"end":{"line":30,"column":28}},"17":{"start":{"line":31,"column":1},"end":{"line":31,"column":null}},"18":{"start":{"line":33,"column":1},"end":{"line":49,"column":2}},"19":{"start":{"line":34,"column":14},"end":{"line":34,"column":50}},"20":{"start":{"line":36,"column":2},"end":{"line":38,"column":3}},"21":{"start":{"line":37,"column":3},"end":{"line":37,"column":null}},"22":{"start":{"line":40,"column":2},"end":{"line":43,"column":3}},"23":{"start":{"line":41,"column":3},"end":{"line":41,"column":null}},"24":{"start":{"line":42,"column":3},"end":{"line":42,"column":null}},"25":{"start":{"line":45,"column":2},"end":{"line":45,"column":null}},"26":{"start":{"line":47,"column":2},"end":{"line":47,"column":null}},"27":{"start":{"line":48,"column":2},"end":{"line":48,"column":null}},"28":{"start":{"line":29,"column":13},"end":{"line":29,"column":22}},"29":{"start":{"line":52,"column":22},"end":{"line":79,"column":1}},"30":{"start":{"line":53,"column":1},"end":{"line":78,"column":2}},"31":{"start":{"line":54,"column":39},"end":{"line":54,"column":47}},"32":{"start":{"line":56,"column":2},"end":{"line":58,"column":3}},"33":{"start":{"line":57,"column":3},"end":{"line":57,"column":null}},"34":{"start":{"line":60,"column":20},"end":{"line":64,"column":4}},"35":{"start":{"line":66,"column":2},"end":{"line":66,"column":null}},"36":{"start":{"line":68,"column":22},"end":{"line":68,"column":116}},"37":{"start":{"line":70,"column":2},"end":{"line":72,"column":3}},"38":{"start":{"line":71,"column":3},"end":{"line":71,"column":null}},"39":{"start":{"line":74,"column":2},"end":{"line":74,"column":null}},"40":{"start":{"line":76,"column":2},"end":{"line":76,"column":null}},"41":{"start":{"line":77,"column":2},"end":{"line":77,"column":null}},"42":{"start":{"line":52,"column":13},"end":{"line":52,"column":22}},"43":{"start":{"line":81,"column":23},"end":{"line":103,"column":1}},"44":{"start":{"line":82,"column":15},"end":{"line":82,"column":28}},"45":{"start":{"line":84,"column":1},"end":{"line":102,"column":2}},"46":{"start":{"line":85,"column":14},"end":{"line":85,"column":42}},"47":{"start":{"line":87,"column":2},"end":{"line":89,"column":3}},"48":{"start":{"line":88,"column":3},"end":{"line":88,"column":null}},"49":{"start":{"line":91,"column":2},"end":{"line":91,"column":null}},"50":{"start":{"line":93,"column":2},"end":{"line":96,"column":null}},"51":{"start":{"line":98,"column":2},"end":{"line":98,"column":null}},"52":{"start":{"line":100,"column":2},"end":{"line":100,"column":null}},"53":{"start":{"line":101,"column":2},"end":{"line":101,"column":null}},"54":{"start":{"line":81,"column":13},"end":{"line":81,"column":23}},"55":{"start":{"line":105,"column":20},"end":{"line":130,"column":1}},"56":{"start":{"line":106,"column":1},"end":{"line":129,"column":2}},"57":{"start":{"line":107,"column":32},"end":{"line":107,"column":40}},"58":{"start":{"line":108,"column":14},"end":{"line":108,"column":42}},"59":{"start":{"line":109,"column":19},"end":{"line":109,"column":50}},"60":{"start":{"line":111,"column":2},"end":{"line":113,"column":3}},"61":{"start":{"line":112,"column":3},"end":{"line":112,"column":null}},"62":{"start":{"line":115,"column":2},"end":{"line":117,"column":3}},"63":{"start":{"line":116,"column":3},"end":{"line":116,"column":null}},"64":{"start":{"line":119,"column":2},"end":{"line":119,"column":null}},"65":{"start":{"line":120,"column":2},"end":{"line":120,"column":null}},"66":{"start":{"line":122,"column":2},"end":{"line":122,"column":null}},"67":{"start":{"line":123,"column":2},"end":{"line":123,"column":null}},"68":{"start":{"line":125,"column":2},"end":{"line":125,"column":null}},"69":{"start":{"line":127,"column":2},"end":{"line":127,"column":null}},"70":{"start":{"line":128,"column":2},"end":{"line":128,"column":null}}},"fnMap":{"0":{"name":"(anonymous_1)","decl":{"start":{"line":6,"column":22},"end":{"line":6,"column":27}},"loc":{"start":{"line":6,"column":60},"end":{"line":26,"column":1}}},"1":{"name":"(anonymous_2)","decl":{"start":{"line":29,"column":22},"end":{"line":29,"column":27}},"loc":{"start":{"line":29,"column":60},"end":{"line":50,"column":1}}},"2":{"name":"(anonymous_3)","decl":{"start":{"line":52,"column":22},"end":{"line":52,"column":27}},"loc":{"start":{"line":52,"column":60},"end":{"line":79,"column":1}}},"3":{"name":"(anonymous_4)","decl":{"start":{"line":81,"column":23},"end":{"line":81,"column":28}},"loc":{"start":{"line":81,"column":61},"end":{"line":103,"column":1}}},"4":{"name":"(anonymous_5)","decl":{"start":{"line":105,"column":20},"end":{"line":105,"column":25}},"loc":{"start":{"line":105,"column":58},"end":{"line":130,"column":1}}}},"branchMap":{"0":{"loc":{"start":{"line":11,"column":2},"end":{"line":13,"column":3}},"type":"if","locations":[{"start":{"line":11,"column":2},"end":{"line":13,"column":3}}]},"1":{"loc":{"start":{"line":17,"column":2},"end":{"line":19,"column":3}},"type":"if","locations":[{"start":{"line":17,"column":2},"end":{"line":19,"column":3}}]},"2":{"loc":{"start":{"line":36,"column":2},"end":{"line":38,"column":3}},"type":"if","locations":[{"start":{"line":36,"column":2},"end":{"line":38,"column":3}}]},"3":{"loc":{"start":{"line":40,"column":2},"end":{"line":43,"column":3}},"type":"if","locations":[{"start":{"line":40,"column":2},"end":{"line":43,"column":3}}]},"4":{"loc":{"start":{"line":56,"column":2},"end":{"line":58,"column":3}},"type":"if","locations":[{"start":{"line":56,"column":2},"end":{"line":58,"column":3}}]},"5":{"loc":{"start":{"line":56,"column":6},"end":{"line":56,"column":37}},"type":"binary-expr","locations":[{"start":{"line":56,"column":6},"end":{"line":56,"column":12}},{"start":{"line":56,"column":16},"end":{"line":56,"column":24}},{"start":{"line":56,"column":28},"end":{"line":56,"column":37}}]},"6":{"loc":{"start":{"line":70,"column":2},"end":{"line":72,"column":3}},"type":"if","locations":[{"start":{"line":70,"column":2},"end":{"line":72,"column":3}}]},"7":{"loc":{"start":{"line":87,"column":2},"end":{"line":89,"column":3}},"type":"if","locations":[{"start":{"line":87,"column":2},"end":{"line":89,"column":3}}]},"8":{"loc":{"start":{"line":111,"column":2},"end":{"line":113,"column":3}},"type":"if","locations":[{"start":{"line":111,"column":2},"end":{"line":113,"column":3}}]},"9":{"loc":{"start":{"line":111,"column":6},"end":{"line":111,"column":23}},"type":"binary-expr","locations":[{"start":{"line":111,"column":6},"end":{"line":111,"column":10}},{"start":{"line":111,"column":14},"end":{"line":111,"column":23}}]},"10":{"loc":{"start":{"line":115,"column":2},"end":{"line":117,"column":3}},"type":"if","locations":[{"start":{"line":115,"column":2},"end":{"line":117,"column":3}}]}},"s":{"0":1,"1":1,"2":1,"3":1,"4":1,"5":1,"6":1,"7":0,"8":1,"9":1,"10":0,"11":1,"12":0,"13":0,"14":1,"15":1,"16":1,"17":1,"18":1,"19":1,"20":1,"21":0,"22":1,"23":0,"24":0,"25":1,"26":0,"27":0,"28":1,"29":1,"30":1,"31":1,"32":1,"33":0,"34":1,"35":1,"36":1,"37":1,"38":0,"39":1,"40":0,"41":0,"42":1,"43":1,"44":1,"45":1,"46":1,"47":1,"48":0,"49":1,"50":1,"51":1,"52":0,"53":0,"54":1,"55":1,"56":0,"57":0,"58":0,"59":0,"60":0,"61":0,"62":0,"63":0,"64":0,"65":0,"66":0,"67":0,"68":0,"69":0,"70":0},"f":{"0":1,"1":1,"2":1,"3":1,"4":0},"b":{"0":[0],"1":[0],"2":[0],"3":[0],"4":[0],"5":[1,1,1],"6":[0],"7":[0],"8":[0],"9":[0,0],"10":[0]}}
,"/home/rey/proj/bth/js_ramverk/server/src/models/Doc.ts": {"path":"/home/rey/proj/bth/js_ramverk/server/src/models/Doc.ts","statementMap":{"0":{"start":{"line":1,"column":0},"end":{"line":1,"column":53}},"1":{"start":{"line":15,"column":29},"end":{"line":36,"column":24}},"2":{"start":{"line":39,"column":0},"end":{"line":39,"column":null}}},"fnMap":{},"branchMap":{},"s":{"0":1,"1":1,"2":1},"f":{},"b":{}}
,"/home/rey/proj/bth/js_ramverk/server/src/models/Usr.ts": {"path":"/home/rey/proj/bth/js_ramverk/server/src/models/Usr.ts","statementMap":{"0":{"start":{"line":1,"column":0},"end":{"line":1,"column":53}},"1":{"start":{"line":14,"column":27},"end":{"line":41,"column":2}},"2":{"start":{"line":43,"column":0},"end":{"line":43,"column":null}}},"fnMap":{},"branchMap":{},"s":{"0":1,"1":1,"2":1},"f":{},"b":{}}
}
