TN:
SF:src/__tests__/setup.ts
FN:6,(anonymous_1)
FN:13,(anonymous_2)
FN:22,(anonymous_3)
FNF:3
FNH:3
FNDA:1,(anonymous_1)
FNDA:4,(anonymous_2)
FNDA:1,(anonymous_3)
DA:1,1
DA:2,1
DA:6,1
DA:7,1
DA:8,1
DA:10,1
DA:13,1
DA:14,4
DA:16,4
DA:17,8
DA:18,8
DA:22,1
DA:23,1
DA:24,1
DA:25,1
LF:15
LH:15
BRF:0
BRH:0
end_of_record
TN:
SF:src/controllers/docController.ts
FN:6,(anonymous_1)
FN:29,(anonymous_2)
FN:52,(anonymous_3)
FN:81,(anonymous_4)
FN:105,(anonymous_5)
FNF:5
FNH:4
FNDA:1,(anonymous_1)
FNDA:1,(anonymous_2)
FNDA:1,(anonymous_3)
FNDA:1,(anonymous_4)
FNDA:0,(anonymous_5)
DA:2,1
DA:3,1
DA:6,1
DA:7,1
DA:8,1
DA:9,1
DA:11,1
DA:12,0
DA:15,1
DA:17,1
DA:18,0
DA:21,1
DA:23,0
DA:24,0
DA:29,1
DA:30,1
DA:31,1
DA:33,1
DA:34,1
DA:36,1
DA:37,0
DA:40,1
DA:41,0
DA:42,0
DA:45,1
DA:47,0
DA:48,0
DA:52,1
DA:53,1
DA:54,1
DA:56,1
DA:57,0
DA:60,1
DA:66,1
DA:68,1
DA:70,1
DA:71,0
DA:74,1
DA:76,0
DA:77,0
DA:81,1
DA:82,1
DA:84,1
DA:85,1
DA:87,1
DA:88,0
DA:91,1
DA:93,1
DA:98,1
DA:100,0
DA:101,0
DA:105,1
DA:106,0
DA:107,0
DA:108,0
DA:109,0
DA:111,0
DA:112,0
DA:115,0
DA:116,0
DA:119,0
DA:120,0
DA:122,0
DA:123,0
DA:125,0
DA:127,0
DA:128,0
LF:67
LH:36
BRDA:11,0,0,0
BRDA:17,1,0,0
BRDA:36,2,0,0
BRDA:40,3,0,0
BRDA:56,4,0,0
BRDA:56,5,0,1
BRDA:56,5,1,1
BRDA:56,5,2,1
BRDA:70,6,0,0
BRDA:87,7,0,0
BRDA:111,8,0,0
BRDA:111,9,0,0
BRDA:111,9,1,0
BRDA:115,10,0,0
BRF:14
BRH:3
end_of_record
TN:
SF:src/models/Doc.ts
FNF:0
FNH:0
DA:1,1
DA:15,1
DA:39,1
LF:3
LH:3
BRF:0
BRH:0
end_of_record
TN:
SF:src/models/Usr.ts
FNF:0
FNH:0
DA:1,1
DA:14,1
DA:43,1
LF:3
LH:3
BRF:0
BRH:0
end_of_record
