TN:
SF:src/__tests__/setup.ts
FN:6,(anonymous_8)
FN:6,(anonymous_9)
FN:13,(anonymous_10)
FN:13,(anonymous_11)
FN:22,(anonymous_12)
FN:22,(anonymous_13)
FNF:6
FNH:6
FNDA:1,(anonymous_8)
FNDA:1,(anonymous_9)
FNDA:5,(anonymous_10)
FNDA:5,(anonymous_11)
FNDA:1,(anonymous_12)
FNDA:1,(anonymous_13)
DA:1,1
DA:2,1
DA:6,1
DA:7,1
DA:8,0
DA:10,0
DA:13,5
DA:14,5
DA:16,5
DA:17,5
DA:18,5
DA:22,1
DA:23,1
DA:24,0
DA:25,0
LF:15
LH:11
BRF:0
BRH:0
end_of_record
TN:
SF:src/controllers/docController.ts
FN:6,(anonymous_8)
FN:6,(anonymous_9)
FN:29,(anonymous_10)
FN:29,(anonymous_11)
FN:54,(anonymous_12)
FN:54,(anonymous_13)
FN:83,(anonymous_14)
FN:83,(anonymous_15)
FN:108,(anonymous_16)
FN:108,(anonymous_17)
FN:133,(anonymous_18)
FN:133,(anonymous_19)
FNF:12
FNH:0
FNDA:0,(anonymous_8)
FNDA:0,(anonymous_9)
FNDA:0,(anonymous_10)
FNDA:0,(anonymous_11)
FNDA:0,(anonymous_12)
FNDA:0,(anonymous_13)
FNDA:0,(anonymous_14)
FNDA:0,(anonymous_15)
FNDA:0,(anonymous_16)
FNDA:0,(anonymous_17)
FNDA:0,(anonymous_18)
FNDA:0,(anonymous_19)
DA:2,1
DA:3,1
DA:6,1
DA:7,0
DA:8,0
DA:9,0
DA:11,0
DA:12,0
DA:15,0
DA:17,0
DA:18,0
DA:21,0
DA:23,0
DA:24,0
DA:29,1
DA:30,0
DA:31,0
DA:33,0
DA:34,0
DA:36,0
DA:37,0
DA:40,0
DA:41,0
DA:42,0
DA:45,0
DA:47,0
DA:48,0
DA:54,1
DA:55,0
DA:56,0
DA:58,0
DA:59,0
DA:62,0
DA:68,0
DA:70,0
DA:72,0
DA:73,0
DA:76,0
DA:78,0
DA:79,0
DA:83,1
DA:84,0
DA:86,0
DA:88,0
DA:89,0
DA:90,0
DA:92,0
DA:93,0
DA:96,0
DA:97,0
DA:98,0
DA:100,0
DA:101,0
DA:103,0
DA:104,0
DA:108,1
DA:109,0
DA:111,0
DA:112,0
DA:114,0
DA:115,0
DA:118,0
DA:121,0
DA:126,0
DA:128,0
DA:129,0
DA:133,1
DA:134,0
DA:135,0
DA:136,0
DA:137,0
DA:139,0
DA:140,0
DA:143,0
DA:144,0
DA:147,0
DA:148,0
DA:150,0
DA:151,0
DA:153,0
DA:155,0
DA:156,0
LF:82
LH:8
BRDA:11,0,0,0
BRDA:17,1,0,0
BRDA:36,2,0,0
BRDA:40,3,0,0
BRDA:58,4,0,0
BRDA:58,5,0,0
BRDA:58,5,1,0
BRDA:58,5,2,0
BRDA:72,6,0,0
BRDA:92,7,0,0
BRDA:114,8,0,0
BRDA:139,9,0,0
BRDA:139,10,0,0
BRDA:139,10,1,0
BRDA:143,11,0,0
BRF:15
BRH:0
end_of_record
TN:
SF:src/models/Doc.ts
FNF:0
FNH:0
DA:1,1
DA:13,1
DA:36,1
LF:3
LH:3
BRF:0
BRH:0
end_of_record
TN:
SF:src/models/Usr.ts
FNF:0
FNH:0
DA:1,1
DA:10,1
DA:30,1
LF:3
LH:3
BRF:0
BRH:0
end_of_record
